2024-07-03 19:24:22.417 [info] Added views:workbench.panel.markers.view in workbench.panel.markers
2024-07-03 19:24:22.417 [info] Added views:workbench.panel.output in workbench.panel.output
2024-07-03 19:24:22.417 [info] Added views:terminal in terminal
2024-07-03 19:24:22.417 [info] Added views:outline in workbench.view.explorer
2024-07-03 19:24:22.417 [info] Added views:workbench.scm in workbench.view.scm
2024-07-03 19:24:22.417 [info] Added views:workbench.view.search in workbench.view.search
2024-07-03 19:24:22.417 [info] Added views:timeline in workbench.view.explorer
2024-07-03 19:24:22.417 [info] Added views:workbench.explorer.emptyView in workbench.view.explorer
2024-07-03 19:24:23.273 [info] Added views:workbench.debug.welcome in workbench.view.debug
2024-07-03 19:24:23.568 [info] Added views:~remote.forwardedPorts in ~remote.forwardedPortsContainer
2024-07-03 19:24:23.583 [info] Added views:workbench.panel.repl.view in workbench.panel.repl
2024-07-03 19:25:05.462 [info] Added views:workbench.views.extensions.installed,workbench.views.extensions.popular,extensions.recommendedList in workbench.view.extensions
2024-07-03 19:25:05.464 [info] Removed views:workbench.views.extensions.popular from workbench.view.extensions
2024-07-03 19:25:05.769 [info] Added views:workbench.views.extensions.popular in workbench.view.extensions
2024-07-03 19:25:08.153 [info] Removed views:extensions.recommendedList,workbench.views.extensions.popular,workbench.views.extensions.installed from workbench.view.extensions
2024-07-03 19:25:08.166 [info] Added views:workbench.views.extensions.marketplace in workbench.view.extensions
2024-07-03 19:26:07.329 [info] Added views:workbench.panel.markers.view in workbench.panel.markers
2024-07-03 19:26:07.329 [info] Added views:workbench.panel.output in workbench.panel.output
2024-07-03 19:26:07.329 [info] Added views:terminal in terminal
2024-07-03 19:26:07.329 [info] Added views:outline in workbench.view.explorer
2024-07-03 19:26:07.329 [info] Added views:workbench.scm in workbench.view.scm
2024-07-03 19:26:07.329 [info] Added views:workbench.view.search in workbench.view.search
2024-07-03 19:26:07.329 [info] Added views:timeline in workbench.view.explorer
2024-07-03 19:26:07.329 [info] Added views:workbench.explorer.fileView in workbench.view.explorer
2024-07-03 19:26:07.914 [info] Added views:workbench.debug.variablesView,workbench.debug.watchExpressionsView,workbench.debug.callStackView,workbench.debug.breakPointsView in workbench.view.debug
2024-07-03 19:26:07.990 [info] Added views:~remote.forwardedPorts in ~remote.forwardedPortsContainer
2024-07-03 19:26:08.198 [info] Added views:workbench.panel.repl.view in workbench.panel.repl
2024-07-03 19:26:08.201 [info] Removed views:workbench.debug.breakPointsView,workbench.debug.callStackView,workbench.debug.watchExpressionsView,workbench.debug.variablesView from workbench.view.debug
2024-07-03 19:26:08.202 [info] Added views:workbench.debug.welcome in workbench.view.debug
