2024-07-03 19:24:23.509 [info] Extension host with pid 15600 started
2024-07-03 19:24:23.585 [info] ExtensionService#_doActivateExtension vscode.git-base, startup: true, activationEvent: '*', root cause: vscode.git
2024-07-03 19:24:23.600 [info] ExtensionService#_doActivateExtension vscode.git, startup: true, activationEvent: '*'
2024-07-03 19:24:23.645 [info] ExtensionService#_doActivateExtension vscode.github, startup: true, activationEvent: '*'
2024-07-03 19:24:23.718 [info] Eager extensions activated
2024-07-03 19:24:23.751 [info] ExtensionService#_doActivateExtension vscode.debug-auto-launch, startup: false, activationEvent: 'onStartupFinished'
2024-07-03 19:24:23.762 [info] ExtensionService#_doActivateExtension vscode.merge-conflict, startup: false, activationEvent: 'onStartupFinished'
2024-07-03 19:25:02.423 [info] ExtensionService#_doActivateExtension vscode.emmet, startup: false, activationEvent: 'onLanguage'
2024-07-03 19:25:23.239 [info] ExtensionService#_doActivateExtension vscode.json-language-features, startup: false, activationEvent: 'onLanguage:jsonc'
2024-07-03 19:25:23.348 [info] ExtensionService#_doActivateExtension vscode.typescript-language-features, startup: false, activationEvent: 'onLanguage:jsonc'
2024-07-03 19:26:05.898 [info] Extension host terminating: renderer closed the MessagePort
2024-07-03 19:26:05.911 [info] Extension host with pid 15600 exiting with code 0
2024-07-03 19:26:08.156 [info] Extension host with pid 15791 started
2024-07-03 19:26:08.156 [info] Skipping acquiring lock for /home/rudolphmax/.config/VSCodium/User/workspaceStorage/2af67a9c6c60b13410ad5ba610d48966.
2024-07-03 19:26:08.204 [info] ExtensionService#_doActivateExtension vscode.git-base, startup: true, activationEvent: '*'
2024-07-03 19:26:08.214 [info] ExtensionService#_doActivateExtension vscode.github, startup: true, activationEvent: '*'
2024-07-03 19:26:08.230 [info] Eager extensions activated
2024-07-03 19:26:08.243 [info] ExtensionService#_doActivateExtension vscode.debug-auto-launch, startup: false, activationEvent: 'onStartupFinished'
2024-07-03 19:26:08.246 [info] ExtensionService#_doActivateExtension vscode.merge-conflict, startup: false, activationEvent: 'onStartupFinished'
2024-07-03 19:26:11.365 [info] ExtensionService#_doActivateExtension vscode.git, startup: false, activationEvent: 'api', root cause: vscode.github
2024-07-03 19:26:11.529 [info] ExtensionService#_doActivateExtension vscode.emmet, startup: false, activationEvent: 'onLanguage'
2024-07-03 19:26:11.673 [warning] [Decorations] CAPPING events from decorations provider vscode.git 2152
2024-07-03 19:26:11.941 [info] ExtensionService#_doActivateExtension vscode.github-authentication, startup: false, activationEvent: 'onAuthenticationRequest:github'
2024-07-03 19:26:12.081 [warning] [Decorations] CAPPING events from decorations provider vscode.git 2152
2024-07-03 19:26:13.800 [warning] [Decorations] CAPPING events from decorations provider vscode.git 2153
2024-07-03 19:26:18.870 [warning] [Decorations] CAPPING events from decorations provider vscode.git 2153
2024-07-03 19:26:23.953 [warning] [Decorations] CAPPING events from decorations provider vscode.git 2155
2024-07-03 19:26:29.038 [warning] [Decorations] CAPPING events from decorations provider vscode.git 2156
2024-07-03 19:26:34.115 [warning] [Decorations] CAPPING events from decorations provider vscode.git 2157
2024-07-03 19:26:39.182 [warning] [Decorations] CAPPING events from decorations provider vscode.git 2157
2024-07-03 19:26:44.249 [warning] [Decorations] CAPPING events from decorations provider vscode.git 2157
2024-07-03 19:26:49.901 [warning] [Decorations] CAPPING events from decorations provider vscode.git 2156
2024-07-03 19:26:56.044 [warning] [Decorations] CAPPING events from decorations provider vscode.git 2156
2024-07-03 19:29:28.110 [warning] [Decorations] CAPPING events from decorations provider vscode.git 2156
2024-07-03 19:29:28.448 [warning] [Decorations] CAPPING events from decorations provider vscode.git 2156
2024-07-03 19:40:59.457 [warning] [Decorations] CAPPING events from decorations provider vscode.git 2158
2024-07-03 19:40:59.831 [warning] [Decorations] CAPPING events from decorations provider vscode.git 2158
2024-07-03 19:41:04.527 [warning] [Decorations] CAPPING events from decorations provider vscode.git 2158
2024-07-03 19:41:09.589 [warning] [Decorations] CAPPING events from decorations provider vscode.git 2158
2024-07-03 19:43:30.526 [warning] [Decorations] CAPPING events from decorations provider vscode.git 2158
2024-07-03 19:43:35.582 [warning] [Decorations] CAPPING events from decorations provider vscode.git 2158
2024-07-03 19:43:42.091 [warning] [Decorations] CAPPING events from decorations provider vscode.git 2158
