2024-07-03 19:24:23.750 [info] Log level: Info
2024-07-03 19:24:23.750 [info] Validating found git in: "git"
2024-07-03 19:24:23.750 [info] Using git "2.45.2" from "git"
2024-07-03 19:26:11.464 [info] Log level: Info
2024-07-03 19:26:11.464 [info] Validating found git in: "git"
2024-07-03 19:26:11.464 [info] Using git "2.45.2" from "git"
2024-07-03 19:26:11.464 [info] > git rev-parse --show-toplevel [12ms]
2024-07-03 19:26:11.471 [info] > git rev-parse --git-dir --git-common-dir [2ms]
2024-07-03 19:26:11.495 [info] Open repository: /home/rudolphmax/dotfiles
2024-07-03 19:26:11.519 [info] > git rev-parse --show-toplevel [9ms]
2024-07-03 19:26:11.520 [info] > git config --get commit.template [17ms]
2024-07-03 19:26:11.545 [info] > git rev-parse --show-toplevel [15ms]
2024-07-03 19:26:11.555 [info] > git for-each-ref --format=%(refname)%00%(upstream:short)%00%(objectname)%00%(upstream:track)%00%(upstream:remotename)%00%(upstream:remoteref) refs/heads/main refs/remotes/main [13ms]
2024-07-03 19:26:11.575 [info] > git status -z -uall [10ms]
2024-07-03 19:26:11.916 [info] > git merge-base refs/heads/main refs/remotes/origin/main [324ms]
2024-07-03 19:26:11.921 [info] > git fetch [427ms]
2024-07-03 19:26:11.934 [info] > git rev-list --count --left-right refs/heads/main...refs/remotes/origin/main [14ms]
2024-07-03 19:26:11.940 [info] > git config --get commit.template [25ms]
2024-07-03 19:26:11.986 [info] > git diff --name-status -z --diff-filter=ADMR 3b5c4115f898cd663df759e97a1ccb315774b099...refs/remotes/origin/main [47ms]
2024-07-03 19:26:11.987 [info] > git config --get commit.template [54ms]
2024-07-03 19:26:12.005 [info] > git for-each-ref --format=%(refname)%00%(upstream:short)%00%(objectname)%00%(upstream:track)%00%(upstream:remotename)%00%(upstream:remoteref) refs/heads/main refs/remotes/main [8ms]
2024-07-03 19:26:12.008 [info] > git for-each-ref --format=%(refname)%00%(upstream:short)%00%(objectname)%00%(upstream:track)%00%(upstream:remotename)%00%(upstream:remoteref) refs/heads/main refs/remotes/main [3ms]
2024-07-03 19:26:12.031 [info] > git status -z -uall [12ms]
2024-07-03 19:26:12.031 [info] > git check-ignore -v -z --stdin [6ms]
2024-07-03 19:26:13.723 [info] > git config --get commit.template [5ms]
2024-07-03 19:26:13.724 [info] > git for-each-ref --format=%(refname)%00%(upstream:short)%00%(objectname)%00%(upstream:track)%00%(upstream:remotename)%00%(upstream:remoteref) refs/heads/main refs/remotes/main [2ms]
2024-07-03 19:26:13.738 [info] > git status -z -uall [7ms]
2024-07-03 19:26:15.919 [info] > git show --textconv :install.sh [9ms]
2024-07-03 19:26:15.921 [info] > git ls-files --stage -- /home/rudolphmax/dotfiles/install.sh [3ms]
2024-07-03 19:26:15.927 [info] > git cat-file -s f5a720007b3fd74d8ab4263eeab57e3c917a62c2 [2ms]
2024-07-03 19:26:18.818 [info] > git config --get commit.template [6ms]
2024-07-03 19:26:18.820 [info] > git for-each-ref --format=%(refname)%00%(upstream:short)%00%(objectname)%00%(upstream:track)%00%(upstream:remotename)%00%(upstream:remoteref) refs/heads/main refs/remotes/main [2ms]
2024-07-03 19:26:18.831 [info] > git status -z -uall [7ms]
2024-07-03 19:26:23.882 [info] > git config --get commit.template [1ms]
2024-07-03 19:26:23.889 [info] > git for-each-ref --format=%(refname)%00%(upstream:short)%00%(objectname)%00%(upstream:track)%00%(upstream:remotename)%00%(upstream:remoteref) refs/heads/main refs/remotes/main [2ms]
2024-07-03 19:26:23.901 [info] > git status -z -uall [7ms]
2024-07-03 19:26:28.973 [info] > git config --get commit.template [6ms]
2024-07-03 19:26:28.974 [info] > git for-each-ref --format=%(refname)%00%(upstream:short)%00%(objectname)%00%(upstream:track)%00%(upstream:remotename)%00%(upstream:remoteref) refs/heads/main refs/remotes/main [2ms]
2024-07-03 19:26:28.987 [info] > git status -z -uall [7ms]
2024-07-03 19:26:34.055 [info] > git config --get commit.template [6ms]
2024-07-03 19:26:34.055 [info] > git for-each-ref --format=%(refname)%00%(upstream:short)%00%(objectname)%00%(upstream:track)%00%(upstream:remotename)%00%(upstream:remoteref) refs/heads/main refs/remotes/main [1ms]
2024-07-03 19:26:34.067 [info] > git status -z -uall [7ms]
2024-07-03 19:26:39.132 [info] > git config --get commit.template [5ms]
2024-07-03 19:26:39.133 [info] > git for-each-ref --format=%(refname)%00%(upstream:short)%00%(objectname)%00%(upstream:track)%00%(upstream:remotename)%00%(upstream:remoteref) refs/heads/main refs/remotes/main [2ms]
2024-07-03 19:26:39.144 [info] > git status -z -uall [6ms]
2024-07-03 19:26:44.199 [info] > git config --get commit.template [7ms]
2024-07-03 19:26:44.200 [info] > git for-each-ref --format=%(refname)%00%(upstream:short)%00%(objectname)%00%(upstream:track)%00%(upstream:remotename)%00%(upstream:remoteref) refs/heads/main refs/remotes/main [1ms]
2024-07-03 19:26:44.212 [info] > git status -z -uall [6ms]
2024-07-03 19:26:49.851 [info] > git config --get commit.template [7ms]
2024-07-03 19:26:49.852 [info] > git for-each-ref --format=%(refname)%00%(upstream:short)%00%(objectname)%00%(upstream:track)%00%(upstream:remotename)%00%(upstream:remoteref) refs/heads/main refs/remotes/main [2ms]
2024-07-03 19:26:49.863 [info] > git status -z -uall [7ms]
2024-07-03 19:26:55.933 [info] > git config --get commit.template [8ms]
2024-07-03 19:26:55.936 [info] > git for-each-ref --format=%(refname)%00%(upstream:short)%00%(objectname)%00%(upstream:track)%00%(upstream:remotename)%00%(upstream:remoteref) refs/heads/main refs/remotes/main [3ms]
2024-07-03 19:26:55.974 [info] > git status -z -uall [25ms]
2024-07-03 19:29:28.027 [info] > git config --get commit.template [2ms]
2024-07-03 19:29:28.037 [info] > git for-each-ref --format=%(refname)%00%(upstream:short)%00%(objectname)%00%(upstream:track)%00%(upstream:remotename)%00%(upstream:remoteref) refs/heads/main refs/remotes/main [2ms]
2024-07-03 19:29:28.049 [info] > git status -z -uall [7ms]
2024-07-03 19:29:28.387 [info] > git fetch [371ms]
2024-07-03 19:29:28.399 [info] > git config --get commit.template [6ms]
2024-07-03 19:29:28.399 [info] > git for-each-ref --format=%(refname)%00%(upstream:short)%00%(objectname)%00%(upstream:track)%00%(upstream:remotename)%00%(upstream:remoteref) refs/heads/main refs/remotes/main [2ms]
2024-07-03 19:29:28.410 [info] > git status -z -uall [6ms]
2024-07-03 19:40:59.408 [info] > git config --get commit.template [5ms]
2024-07-03 19:40:59.409 [info] > git for-each-ref --format=%(refname)%00%(upstream:short)%00%(objectname)%00%(upstream:track)%00%(upstream:remotename)%00%(upstream:remoteref) refs/heads/main refs/remotes/main [2ms]
2024-07-03 19:40:59.419 [info] > git status -z -uall [6ms]
2024-07-03 19:40:59.472 [info] > git ls-files --stage -- /home/rudolphmax/dotfiles/install.sh [5ms]
2024-07-03 19:40:59.478 [info] > git cat-file -s f5a720007b3fd74d8ab4263eeab57e3c917a62c2 [2ms]
2024-07-03 19:40:59.487 [info] > git show --textconv :install.sh [2ms]
2024-07-03 19:40:59.777 [info] > git fetch [382ms]
2024-07-03 19:40:59.787 [info] > git config --get commit.template [6ms]
2024-07-03 19:40:59.788 [info] > git for-each-ref --format=%(refname)%00%(upstream:short)%00%(objectname)%00%(upstream:track)%00%(upstream:remotename)%00%(upstream:remoteref) refs/heads/main refs/remotes/main [2ms]
2024-07-03 19:40:59.798 [info] > git status -z -uall [5ms]
2024-07-03 19:41:01.113 [info] > git ls-files --stage -- /home/rudolphmax/dotfiles/install.sh [4ms]
2024-07-03 19:41:01.122 [info] > git cat-file -s f5a720007b3fd74d8ab4263eeab57e3c917a62c2 [2ms]
2024-07-03 19:41:01.133 [info] > git show --textconv :install.sh [2ms]
2024-07-03 19:41:01.914 [info] > git check-ignore -v -z --stdin [4ms]
2024-07-03 19:41:02.985 [info] > git check-ignore -v -z --stdin [3ms]
2024-07-03 19:41:03.659 [info] > git show --textconv :.config/contour/contour.yml [7ms]
2024-07-03 19:41:03.660 [info] > git ls-files --stage -- /home/rudolphmax/dotfiles/.config/contour/contour.yml [2ms]
2024-07-03 19:41:04.478 [info] > git config --get commit.template [7ms]
2024-07-03 19:41:04.479 [info] > git for-each-ref --format=%(refname)%00%(upstream:short)%00%(objectname)%00%(upstream:track)%00%(upstream:remotename)%00%(upstream:remoteref) refs/heads/main refs/remotes/main [3ms]
2024-07-03 19:41:04.493 [info] > git status -z -uall [7ms]
2024-07-03 19:41:09.543 [info] > git config --get commit.template [3ms]
2024-07-03 19:41:09.552 [info] > git for-each-ref --format=%(refname)%00%(upstream:short)%00%(objectname)%00%(upstream:track)%00%(upstream:remotename)%00%(upstream:remoteref) refs/heads/main refs/remotes/main [2ms]
2024-07-03 19:41:09.565 [info] > git status -z -uall [8ms]
2024-07-03 19:43:30.472 [info] > git config --get commit.template [1ms]
2024-07-03 19:43:30.481 [info] > git for-each-ref --format=%(refname)%00%(upstream:short)%00%(objectname)%00%(upstream:track)%00%(upstream:remotename)%00%(upstream:remoteref) refs/heads/main refs/remotes/main [2ms]
2024-07-03 19:43:30.491 [info] > git status -z -uall [6ms]
2024-07-03 19:43:35.542 [info] > git config --get commit.template [6ms]
2024-07-03 19:43:35.543 [info] > git for-each-ref --format=%(refname)%00%(upstream:short)%00%(objectname)%00%(upstream:track)%00%(upstream:remotename)%00%(upstream:remoteref) refs/heads/main refs/remotes/main [2ms]
2024-07-03 19:43:35.553 [info] > git status -z -uall [6ms]
2024-07-03 19:43:42.032 [info] > git config --get commit.template [16ms]
2024-07-03 19:43:42.039 [info] > git for-each-ref --format=%(refname)%00%(upstream:short)%00%(objectname)%00%(upstream:track)%00%(upstream:remotename)%00%(upstream:remoteref) refs/heads/main refs/remotes/main [2ms]
2024-07-03 19:43:42.049 [info] > git status -z -uall [5ms]
